TN:
SF:src/commands/checkBalanceCommand.ts
FN:6,checkBalanceCommand
FNF:1
FNH:1
FNDA:2,checkBalanceCommand
DA:1,1
DA:2,1
DA:3,1
DA:4,1
DA:5,1
DA:6,1
DA:7,2
DA:8,2
DA:9,2
DA:10,2
DA:11,2
DA:12,2
DA:13,2
DA:14,2
DA:15,2
DA:16,2
DA:17,2
LF:17
LH:17
BRDA:6,0,0,2
BRDA:12,1,0,1
BRDA:12,2,0,1
BRF:3
BRH:3
end_of_record
TN:
SF:src/commands/setLimitCommand.ts
FN:4,setLimitCommand
FNF:1
FNH:1
FNDA:1,setLimitCommand
DA:1,1
DA:2,1
DA:3,1
DA:4,1
DA:5,1
DA:6,1
DA:7,1
DA:8,1
DA:9,1
DA:10,1
DA:11,1
LF:11
LH:11
BRDA:4,0,0,1
BRDA:6,1,0,0
BRF:2
BRH:1
end_of_record
TN:
SF:src/commands/sumCommand.ts
FN:5,sumCommand
FNF:1
FNH:1
FNDA:1,sumCommand
DA:1,1
DA:2,1
DA:3,1
DA:4,1
DA:5,1
DA:6,1
DA:7,1
DA:8,1
DA:9,1
DA:10,1
DA:11,1
LF:11
LH:11
BRDA:5,0,0,1
BRF:1
BRH:1
end_of_record
TN:
SF:src/utils/test.utils.ts
FN:4,format
FNF:1
FNH:1
FNDA:2,format
DA:1,1
DA:2,1
DA:3,1
DA:4,1
DA:5,1
LF:5
LH:5
BRDA:4,0,0,2
BRF:1
BRH:1
end_of_record
